<?xml version="1.0" encoding="UTF-8"?>
<!-- Generated by org.testng.reporters.JUnitXMLReporter -->
<testsuite ignored="0" hostname="LAPTOP-OQTRTNNS" failures="0" tests="3" name="Default test" time="29.287" errors="0" timestamp="2022-04-22T18:10:02 EDT">
  <testcase classname="testingpomtestng.addcustomerpriority" name="addcustomer" time="6.561"/>
  <testcase classname="testingpomtestng.addcustomerpriority" name="Acttimeaddcustomertert" time="15.742"/>
  <testcase classname="testingpomtestng.addcustomerpriority" name="Acttimeaddcustomertert1" time="6.945"/>
</testsuite> <!-- Default test -->
