<?xml version="1.0" encoding="UTF-8"?>
<!-- Generated by org.testng.reporters.JUnitXMLReporter -->
<testsuite ignored="0" hostname="LAPTOP-OQTRTNNS" failures="0" tests="3" name="Test" time="19.548" errors="0" timestamp="2022-04-11T13:35:02 EDT">
  <testcase classname="testingpomtestng.pomclasstest" name="clickcalender" time="17.666"/>
  <testcase classname="testingpomtestng.Typeofleave" name="typeofleavem" time="19.272"/>
  <testcase classname="testingpomtestng.Typeofworktest" name="Typeofwork" time="19.49"/>
</testsuite> <!-- Test -->
