<?xml version="1.0" encoding="UTF-8"?>
<testng-results ignored="0" total="3" passed="3" failed="0" skipped="0">
  <reporter-output>
  </reporter-output>
  <suite started-at="2022-04-22T18:09:33 EDT" name="Default suite" finished-at="2022-04-22T18:10:02 EDT" duration-ms="29287">
    <groups>
    </groups>
    <test started-at="2022-04-22T18:09:33 EDT" name="Default test" finished-at="2022-04-22T18:10:02 EDT" duration-ms="29287">
      <class name="testingpomtestng.addcustomerpriority">
        <test-method signature="addcustomer()[pri:0, instance:testingpomtestng.addcustomerpriority@157853da]" started-at="2022-04-22T18:09:33 EDT" name="addcustomer" finished-at="2022-04-22T18:09:40 EDT" duration-ms="6561" status="PASS">
          <reporter-output>
          </reporter-output>
        </test-method> <!-- addcustomer -->
        <test-method signature="Acttimeaddcustomertert()[pri:1, instance:testingpomtestng.addcustomerpriority@157853da]" started-at="2022-04-22T18:09:40 EDT" name="Acttimeaddcustomertert" finished-at="2022-04-22T18:09:55 EDT" duration-ms="15742" status="PASS">
          <reporter-output>
          </reporter-output>
        </test-method> <!-- Acttimeaddcustomertert -->
        <test-method signature="Acttimeaddcustomertert1()[pri:2, instance:testingpomtestng.addcustomerpriority@157853da]" started-at="2022-04-22T18:09:55 EDT" name="Acttimeaddcustomertert1" finished-at="2022-04-22T18:10:02 EDT" duration-ms="6945" status="PASS">
          <reporter-output>
          </reporter-output>
        </test-method> <!-- Acttimeaddcustomertert1 -->
      </class> <!-- testingpomtestng.addcustomerpriority -->
    </test> <!-- Default test -->
  </suite> <!-- Default suite -->
</testng-results>
